{"name": "test_accept_order_success", "status": "failed", "statusDetails": {"message": "AssertionError: Ошибка получения заказа по треку\nassert 400 == 200\n +  where 400 = <Response [400]>.status_code", "trace": "self = <tests.test_additional.TestAcceptOrder object at 0x102367990>\ncourier_fixture = ({'firstName': 'Ипполит', 'login': 'veronika1977', 'password': '!0_%G(Rk5c'}, 507758)\n\n    @allure.story(\"Позитивный сценарий – успешное принятие заказа\")\n    def test_accept_order_success(self, courier_fixture):\n        # Используем зарегистрированного курьера\n        data, courier_id = courier_fixture\n        # Создаем заказ\n        order_payload = {\n            \"firstName\": \"Test\",\n            \"lastName\": \"User\",\n            \"address\": \"Test Address\",\n            \"metroStation\": \"5\",\n            \"phone\": \"1234567890\",\n            \"rentTime\": 5,\n            \"deliveryDate\": \"2025-04-20\",\n            \"comment\": \"Test order\"\n        }\n        create_response = order.create_order(order_payload)\n        assert create_response.status_code == 201, \"Ошибка создания заказа\"\n        track = create_response.json().get(\"track\")\n        assert track is not None, \"Отсутствует track\"\n        # Получаем order_id по track\n        track_response = order.get_order_by_track(track)\n>       assert track_response.status_code == 200, \"Ошибка получения заказа по треку\"\nE       AssertionError: Ошибка получения заказа по треку\nE       assert 400 == 200\nE        +  where 400 = <Response [400]>.status_code\n\ntests/test_additional.py:57: AssertionError"}, "start": 1745242227380, "stop": 1745242229902, "uuid": "ed95167c-8b93-4bc8-a728-eb0fc1b5ac86", "historyId": "c0edc047eacf17195a3333de90ba0b2e", "testCaseId": "c0edc047eacf17195a3333de90ba0b2e", "fullName": "tests.test_additional.TestAcceptOrder#test_accept_order_success", "labels": [{"name": "story", "value": "Позитивный сценарий – успешное принятие заказа"}, {"name": "feature", "value": "Принятие заказа"}, {"name": "parentSuite", "value": "tests"}, {"name": "suite", "value": "test_additional"}, {"name": "subSuite", "value": "TestAcceptOrder"}, {"name": "host", "value": "MacBook-Air-Eduard.local"}, {"name": "thread", "value": "15791-MainThread"}, {"name": "framework", "value": "pytest"}, {"name": "language", "value": "cpython3"}, {"name": "package", "value": "tests.test_additional"}]}